<?xml version="1.0" encoding="UTF-8"?>
<testsuite xmlns:xsi="http://www.w3.org/2001/XMLSchema-instance" xsi:noNamespaceSchemaLocation="https://maven.apache.org/surefire/maven-surefire-plugin/xsd/surefire-test-report-3.0.xsd" version="3.0" name="com.minesweeper.ncs.MinesweeperTest" time="0.672" tests="8" errors="0" skipped="0" failures="0">
  <properties>
    <property name="java.specification.version" value="21"/>
    <property name="sun.cpu.isalist" value="amd64"/>
    <property name="sun.jnu.encoding" value="Cp1252"/>
    <property name="java.class.path" value="C:\Users\maythazinhlamyo\Desktop\NCS\Technical_Test_RQ24-240523-048_[May Thazin Hla Myo]\Minesweeper\target\test-classes;C:\Users\maythazinhlamyo\Desktop\NCS\Technical_Test_RQ24-240523-048_[May Thazin Hla Myo]\Minesweeper\target\classes;C:\Users\maythazinhlamyo\.m2\repository\org\junit\jupiter\junit-jupiter-api\5.7.0\junit-jupiter-api-5.7.0.jar;C:\Users\maythazinhlamyo\.m2\repository\org\apiguardian\apiguardian-api\1.1.0\apiguardian-api-1.1.0.jar;C:\Users\maythazinhlamyo\.m2\repository\org\opentest4j\opentest4j\1.2.0\opentest4j-1.2.0.jar;C:\Users\maythazinhlamyo\.m2\repository\org\junit\platform\junit-platform-commons\1.7.0\junit-platform-commons-1.7.0.jar;C:\Users\maythazinhlamyo\.m2\repository\org\junit\jupiter\junit-jupiter-engine\5.7.0\junit-jupiter-engine-5.7.0.jar;C:\Users\maythazinhlamyo\.m2\repository\org\junit\platform\junit-platform-engine\1.7.0\junit-platform-engine-1.7.0.jar;C:\Users\maythazinhlamyo\.m2\repository\org\mockito\mockito-core\4.8.0\mockito-core-4.8.0.jar;C:\Users\maythazinhlamyo\.m2\repository\net\bytebuddy\byte-buddy\1.12.14\byte-buddy-1.12.14.jar;C:\Users\maythazinhlamyo\.m2\repository\net\bytebuddy\byte-buddy-agent\1.12.14\byte-buddy-agent-1.12.14.jar;C:\Users\maythazinhlamyo\.m2\repository\org\objenesis\objenesis\3.2\objenesis-3.2.jar;"/>
    <property name="java.vm.vendor" value="Oracle Corporation"/>
    <property name="sun.arch.data.model" value="64"/>
    <property name="user.variant" value=""/>
    <property name="java.vendor.url" value="https://java.oracle.com/"/>
    <property name="user.timezone" value="Asia/Rangoon"/>
    <property name="os.name" value="Windows 11"/>
    <property name="java.vm.specification.version" value="21"/>
    <property name="sun.java.launcher" value="SUN_STANDARD"/>
    <property name="user.country" value="US"/>
    <property name="sun.boot.library.path" value="C:\Program Files\Java\jdk-21\bin"/>
    <property name="sun.java.command" value="C:\Users\maythazinhlamyo\AppData\Local\Temp\surefire7833135137997862080\surefirebooter-20250217100559720_3.jar C:\Users\maythazinhlamyo\AppData\Local\Temp\surefire7833135137997862080 2025-02-17T10-05-52_245-jvmRun1 surefire-20250217100559720_1tmp surefire_0-20250217100559720_2tmp"/>
    <property name="jdk.debug" value="release"/>
    <property name="surefire.test.class.path" value="C:\Users\maythazinhlamyo\Desktop\NCS\Technical_Test_RQ24-240523-048_[May Thazin Hla Myo]\Minesweeper\target\test-classes;C:\Users\maythazinhlamyo\Desktop\NCS\Technical_Test_RQ24-240523-048_[May Thazin Hla Myo]\Minesweeper\target\classes;C:\Users\maythazinhlamyo\.m2\repository\org\junit\jupiter\junit-jupiter-api\5.7.0\junit-jupiter-api-5.7.0.jar;C:\Users\maythazinhlamyo\.m2\repository\org\apiguardian\apiguardian-api\1.1.0\apiguardian-api-1.1.0.jar;C:\Users\maythazinhlamyo\.m2\repository\org\opentest4j\opentest4j\1.2.0\opentest4j-1.2.0.jar;C:\Users\maythazinhlamyo\.m2\repository\org\junit\platform\junit-platform-commons\1.7.0\junit-platform-commons-1.7.0.jar;C:\Users\maythazinhlamyo\.m2\repository\org\junit\jupiter\junit-jupiter-engine\5.7.0\junit-jupiter-engine-5.7.0.jar;C:\Users\maythazinhlamyo\.m2\repository\org\junit\platform\junit-platform-engine\1.7.0\junit-platform-engine-1.7.0.jar;C:\Users\maythazinhlamyo\.m2\repository\org\mockito\mockito-core\4.8.0\mockito-core-4.8.0.jar;C:\Users\maythazinhlamyo\.m2\repository\net\bytebuddy\byte-buddy\1.12.14\byte-buddy-1.12.14.jar;C:\Users\maythazinhlamyo\.m2\repository\net\bytebuddy\byte-buddy-agent\1.12.14\byte-buddy-agent-1.12.14.jar;C:\Users\maythazinhlamyo\.m2\repository\org\objenesis\objenesis\3.2\objenesis-3.2.jar;"/>
    <property name="sun.cpu.endian" value="little"/>
    <property name="user.home" value="C:\Users\maythazinhlamyo"/>
    <property name="user.language" value="en"/>
    <property name="java.specification.vendor" value="Oracle Corporation"/>
    <property name="java.version.date" value="2024-10-15"/>
    <property name="java.home" value="C:\Program Files\Java\jdk-21"/>
    <property name="file.separator" value="\"/>
    <property name="basedir" value="C:\Users\maythazinhlamyo\Desktop\NCS\Technical_Test_RQ24-240523-048_[May Thazin Hla Myo]\Minesweeper"/>
    <property name="style.color" value="always"/>
    <property name="java.vm.compressedOopsMode" value="Zero based"/>
    <property name="line.separator" value="&#10;"/>
    <property name="java.vm.specification.vendor" value="Oracle Corporation"/>
    <property name="java.specification.name" value="Java Platform API Specification"/>
    <property name="surefire.real.class.path" value="C:\Users\maythazinhlamyo\AppData\Local\Temp\surefire7833135137997862080\surefirebooter-20250217100559720_3.jar"/>
    <property name="user.script" value=""/>
    <property name="sun.management.compiler" value="HotSpot 64-Bit Tiered Compilers"/>
    <property name="java.runtime.version" value="21.0.5+9-LTS-239"/>
    <property name="user.name" value="maythazinhlamyo"/>
    <property name="stdout.encoding" value="Cp1252"/>
    <property name="path.separator" value=";"/>
    <property name="os.version" value="10.0"/>
    <property name="java.runtime.name" value="Java(TM) SE Runtime Environment"/>
    <property name="file.encoding" value="UTF-8"/>
    <property name="java.vm.name" value="Java HotSpot(TM) 64-Bit Server VM"/>
    <property name="localRepository" value="C:\Users\maythazinhlamyo\.m2\repository"/>
    <property name="java.vendor.url.bug" value="https://bugreport.java.com/bugreport/"/>
    <property name="java.io.tmpdir" value="C:\Users\MAYTHA~1\AppData\Local\Temp\"/>
    <property name="java.version" value="21.0.5"/>
    <property name="user.dir" value="C:\Users\maythazinhlamyo\Desktop\NCS\Technical_Test_RQ24-240523-048_[May Thazin Hla Myo]\Minesweeper"/>
    <property name="os.arch" value="amd64"/>
    <property name="java.vm.specification.name" value="Java Virtual Machine Specification"/>
    <property name="sun.os.patch.level" value=""/>
    <property name="native.encoding" value="Cp1252"/>
    <property name="java.library.path" value="C:\Program Files\Java\jdk-21\bin;C:\Windows\Sun\Java\bin;C:\Windows\system32;C:\Windows;C:\Program Files\Common Files\Oracle\Java\javapath;C:\Windows\system32;C:\Windows;C:\Windows\System32\Wbem;C:\Windows\System32\WindowsPowerShell\v1.0\;C:\Windows\System32\OpenSSH\;C:\Program Files\Java\jdk-21\bin;C:\Program Files\Apache-Maven\apache-maven-3.9.9\bin;C:\Program Files\Git\cmd;C:\Users\maythazinhlamyo\AppData\Local\Microsoft\WindowsApps;;."/>
    <property name="java.vm.info" value="mixed mode, sharing"/>
    <property name="stderr.encoding" value="Cp1252"/>
    <property name="java.vendor" value="Oracle Corporation"/>
    <property name="java.vm.version" value="21.0.5+9-LTS-239"/>
    <property name="sun.io.unicode.encoding" value="UnicodeLittle"/>
    <property name="java.class.version" value="65.0"/>
  </properties>
  <testcase name="testDisplayBoard" classname="com.minesweeper.ncs.MinesweeperTest" time="0.038">
    <system-out><![CDATA[  1 2 3 4 5 
A _ _ _ _ _ 
B _ _ _ _ _ 
C _ _ _ _ _ 
D _ _ _ _ _ 
E _ _ _ _ _ 
]]></system-out>
  </testcase>
  <testcase name="testGetCellInput" classname="com.minesweeper.ncs.MinesweeperTest" time="0.017">
    <system-out><![CDATA[
Select a square to reveal (e.g. A1):]]></system-out>
  </testcase>
  <testcase name="testPlayGameLoop" classname="com.minesweeper.ncs.MinesweeperTest" time="0.574">
    <system-out><![CDATA[
Here is your minefield:
  1 2 3 4 
A _ _ _ _ 
B _ _ _ _ 
C _ _ _ _ 
D _ _ _ _ 

Select a square to reveal (e.g. A1):
Here is your updated minefield:
Congratulations! You have won the game!
Press any key to play again...
]]></system-out>
  </testcase>
  <testcase name="testRevealEmptyCell" classname="com.minesweeper.ncs.MinesweeperTest" time="0.002"/>
  <testcase name="testBoardInitialization" classname="com.minesweeper.ncs.MinesweeperTest" time="0.003"/>
  <testcase name="testGetNumberOfMines" classname="com.minesweeper.ncs.MinesweeperTest" time="0.003">
    <system-out><![CDATA[Enter the number of mines to place on the grid (maximum is 35% of the total squares): 
]]></system-out>
  </testcase>
  <testcase name="testGetGridSize" classname="com.minesweeper.ncs.MinesweeperTest" time="0.003">
    <system-out><![CDATA[Enter the size of the grid (e.g. 4 for a 4x4 grid):
]]></system-out>
  </testcase>
  <testcase name="testRevealMineCell" classname="com.minesweeper.ncs.MinesweeperTest" time="0.002"/>
</testsuite>